0 info it worked if it ends with ok
1 verbose cli [ '/usr/local/Cellar/node/4.1.2/bin/node',
1 verbose cli   '/usr/local/bin/npm',
1 verbose cli   'install' ]
2 info using npm@2.14.4
3 info using node@v4.1.2
4 verbose readDependencies loading dependencies from /Users/Alexromo/Documents/WebDocs/website-builder/package.json
5 warn package.json interbrokers@1.0.0 No repository field.
6 verbose install where, deps [ '/Users/Alexromo/Documents/WebDocs/website-builder',
6 verbose install   [ 'amdefine',
6 verbose install     'bootstrap-sass',
6 verbose install     'bootstrap-sass-loader',
6 verbose install     'bootstrap-webpack',
6 verbose install     'css-selector-tokenizer',
6 verbose install     'cssnano',
6 verbose install     'express',
6 verbose install     'jquery',
6 verbose install     'less',
6 verbose install     'loader-utils',
6 verbose install     'lodash',
6 verbose install     'lodash.camelcase',
6 verbose install     'node-sass',
6 verbose install     'object-assign',
6 verbose install     'postcss',
6 verbose install     'postcss-modules-extract-imports',
6 verbose install     'postcss-modules-local-by-default',
6 verbose install     'postcss-modules-scope',
6 verbose install     'postcss-modules-values',
6 verbose install     'react',
6 verbose install     'react-dom',
6 verbose install     'react-redux',
6 verbose install     'redux',
6 verbose install     'redux-devtools',
6 verbose install     'redux-thunk',
6 verbose install     'sass-loader',
6 verbose install     'webpack-dev-middleware',
6 verbose install     'webpack-hot-middleware',
6 verbose install     'babel-core',
6 verbose install     'babel-loader',
6 verbose install     'babel-runtime',
6 verbose install     'del',
6 verbose install     'gulp',
6 verbose install     'gulp-copy',
6 verbose install     'gulp-replace',
6 verbose install     'gulp-run-sequence',
6 verbose install     'html-webpack-plugin',
6 verbose install     'react-hot-loader',
6 verbose install     'redux-devtools-diff-monitor',
6 verbose install     'sprity',
6 verbose install     'sprity-js',
6 verbose install     'webpack',
6 verbose install     'webpack-dev-server' ] ]
7 verbose install where, peers [ '/Users/Alexromo/Documents/WebDocs/website-builder', [] ]
8 verbose installManyTop reading for lifecycle /Users/Alexromo/Documents/WebDocs/website-builder/package.json
9 info preinstall interbrokers@1.0.0
10 verbose installManyTop reading scoped package data from /Users/Alexromo/Documents/WebDocs/website-builder/node_modules/amdefine/package.json
11 verbose installManyTop reading scoped package data from /Users/Alexromo/Documents/WebDocs/website-builder/node_modules/babel-core/package.json
12 verbose installManyTop reading scoped package data from /Users/Alexromo/Documents/WebDocs/website-builder/node_modules/babel-loader/package.json
13 verbose installManyTop reading scoped package data from /Users/Alexromo/Documents/WebDocs/website-builder/node_modules/babel-runtime/package.json
14 verbose installManyTop reading scoped package data from /Users/Alexromo/Documents/WebDocs/website-builder/node_modules/bootstrap/package.json
15 verbose installManyTop reading scoped package data from /Users/Alexromo/Documents/WebDocs/website-builder/node_modules/bootstrap-sass/package.json
16 verbose installManyTop reading scoped package data from /Users/Alexromo/Documents/WebDocs/website-builder/node_modules/bootstrap-sass-loader/package.json
17 verbose installManyTop reading scoped package data from /Users/Alexromo/Documents/WebDocs/website-builder/node_modules/bootstrap-webpack/package.json
18 verbose installManyTop reading scoped package data from /Users/Alexromo/Documents/WebDocs/website-builder/node_modules/css-loader/package.json
19 verbose installManyTop reading scoped package data from /Users/Alexromo/Documents/WebDocs/website-builder/node_modules/css-selector-tokenizer/package.json
20 verbose installManyTop reading scoped package data from /Users/Alexromo/Documents/WebDocs/website-builder/node_modules/cssnano/package.json
21 verbose installManyTop reading scoped package data from /Users/Alexromo/Documents/WebDocs/website-builder/node_modules/del/package.json
22 verbose installManyTop reading scoped package data from /Users/Alexromo/Documents/WebDocs/website-builder/node_modules/exports-loader/package.json
23 verbose installManyTop reading scoped package data from /Users/Alexromo/Documents/WebDocs/website-builder/node_modules/express/package.json
24 verbose installManyTop reading scoped package data from /Users/Alexromo/Documents/WebDocs/website-builder/node_modules/extract-text-webpack-plugin/package.json
25 verbose installManyTop reading scoped package data from /Users/Alexromo/Documents/WebDocs/website-builder/node_modules/file-loader/package.json
26 verbose installManyTop reading scoped package data from /Users/Alexromo/Documents/WebDocs/website-builder/node_modules/gulp/package.json
27 verbose installManyTop reading scoped package data from /Users/Alexromo/Documents/WebDocs/website-builder/node_modules/gulp-copy/package.json
28 verbose installManyTop reading scoped package data from /Users/Alexromo/Documents/WebDocs/website-builder/node_modules/gulp-replace/package.json
29 verbose installManyTop reading scoped package data from /Users/Alexromo/Documents/WebDocs/website-builder/node_modules/gulp-run-sequence/package.json
30 verbose installManyTop reading scoped package data from /Users/Alexromo/Documents/WebDocs/website-builder/node_modules/html-webpack-plugin/package.json
31 verbose installManyTop reading scoped package data from /Users/Alexromo/Documents/WebDocs/website-builder/node_modules/imports-loader/package.json
32 verbose installManyTop reading scoped package data from /Users/Alexromo/Documents/WebDocs/website-builder/node_modules/jquery/package.json
33 verbose installManyTop reading scoped package data from /Users/Alexromo/Documents/WebDocs/website-builder/node_modules/less/package.json
34 verbose installManyTop reading scoped package data from /Users/Alexromo/Documents/WebDocs/website-builder/node_modules/less-loader/package.json
35 verbose installManyTop reading scoped package data from /Users/Alexromo/Documents/WebDocs/website-builder/node_modules/loader-utils/package.json
36 verbose installManyTop reading scoped package data from /Users/Alexromo/Documents/WebDocs/website-builder/node_modules/lodash/package.json
37 verbose installManyTop reading scoped package data from /Users/Alexromo/Documents/WebDocs/website-builder/node_modules/lodash.camelcase/package.json
38 verbose installManyTop reading scoped package data from /Users/Alexromo/Documents/WebDocs/website-builder/node_modules/node-sass/package.json
39 verbose installManyTop reading scoped package data from /Users/Alexromo/Documents/WebDocs/website-builder/node_modules/object-assign/package.json
40 verbose installManyTop reading scoped package data from /Users/Alexromo/Documents/WebDocs/website-builder/node_modules/postcss/package.json
41 verbose installManyTop reading scoped package data from /Users/Alexromo/Documents/WebDocs/website-builder/node_modules/postcss-modules-extract-imports/package.json
42 verbose installManyTop reading scoped package data from /Users/Alexromo/Documents/WebDocs/website-builder/node_modules/postcss-modules-local-by-default/package.json
43 verbose installManyTop reading scoped package data from /Users/Alexromo/Documents/WebDocs/website-builder/node_modules/postcss-modules-scope/package.json
44 verbose installManyTop reading scoped package data from /Users/Alexromo/Documents/WebDocs/website-builder/node_modules/postcss-modules-values/package.json
45 verbose installManyTop reading scoped package data from /Users/Alexromo/Documents/WebDocs/website-builder/node_modules/react/package.json
46 verbose installManyTop reading scoped package data from /Users/Alexromo/Documents/WebDocs/website-builder/node_modules/react-dom/package.json
47 verbose installManyTop reading scoped package data from /Users/Alexromo/Documents/WebDocs/website-builder/node_modules/react-hot-loader/package.json
48 verbose installManyTop reading scoped package data from /Users/Alexromo/Documents/WebDocs/website-builder/node_modules/react-redux/package.json
49 verbose installManyTop reading scoped package data from /Users/Alexromo/Documents/WebDocs/website-builder/node_modules/redux/package.json
50 verbose installManyTop reading scoped package data from /Users/Alexromo/Documents/WebDocs/website-builder/node_modules/redux-devtools/package.json
51 verbose installManyTop reading scoped package data from /Users/Alexromo/Documents/WebDocs/website-builder/node_modules/redux-devtools-diff-monitor/package.json
52 verbose installManyTop reading scoped package data from /Users/Alexromo/Documents/WebDocs/website-builder/node_modules/redux-thunk/package.json
53 verbose installManyTop reading scoped package data from /Users/Alexromo/Documents/WebDocs/website-builder/node_modules/sass-loader/package.json
54 verbose installManyTop reading scoped package data from /Users/Alexromo/Documents/WebDocs/website-builder/node_modules/sprity/package.json
55 verbose installManyTop reading scoped package data from /Users/Alexromo/Documents/WebDocs/website-builder/node_modules/sprity-js/package.json
56 verbose installManyTop reading scoped package data from /Users/Alexromo/Documents/WebDocs/website-builder/node_modules/style-loader/package.json
57 verbose installManyTop reading scoped package data from /Users/Alexromo/Documents/WebDocs/website-builder/node_modules/url-loader/package.json
58 verbose installManyTop reading scoped package data from /Users/Alexromo/Documents/WebDocs/website-builder/node_modules/webpack/package.json
59 verbose installManyTop reading scoped package data from /Users/Alexromo/Documents/WebDocs/website-builder/node_modules/webpack-dev-middleware/package.json
60 verbose installManyTop reading scoped package data from /Users/Alexromo/Documents/WebDocs/website-builder/node_modules/webpack-dev-server/package.json
61 verbose installManyTop reading scoped package data from /Users/Alexromo/Documents/WebDocs/website-builder/node_modules/webpack-hot-middleware/package.json
62 info package.json babel-core@5.8.25 No README data
63 info package.json bootstrap-webpack@0.0.5 No license field.
64 info package.json exports-loader@0.6.2 No license field.
65 info package.json gulp-copy@0.0.2 No license field.
66 info package.json jquery@2.1.4 No license field.
67 info package.json less-loader@2.2.2 No license field.
68 info package.json gulp-run-sequence@0.3.2 No license field.
69 info package.json sprity-js@1.1.0 No license field.
70 info package.json webpack-dev-middleware@1.4.0 No license field.
71 verbose readDependencies loading dependencies from /Users/Alexromo/Documents/WebDocs/website-builder/package.json
72 verbose targetResolver reading package data from /Users/Alexromo/Documents/WebDocs/website-builder/node_modules/amdefine/package.json
73 verbose targetResolver reading package data from /Users/Alexromo/Documents/WebDocs/website-builder/node_modules/babel-core/package.json
74 verbose targetResolver reading package data from /Users/Alexromo/Documents/WebDocs/website-builder/node_modules/babel-loader/package.json
75 verbose targetResolver reading package data from /Users/Alexromo/Documents/WebDocs/website-builder/node_modules/babel-runtime/package.json
76 verbose targetResolver reading package data from /Users/Alexromo/Documents/WebDocs/website-builder/node_modules/bootstrap/package.json
77 verbose targetResolver reading package data from /Users/Alexromo/Documents/WebDocs/website-builder/node_modules/bootstrap-sass/package.json
78 verbose targetResolver reading package data from /Users/Alexromo/Documents/WebDocs/website-builder/node_modules/bootstrap-sass-loader/package.json
79 verbose targetResolver reading package data from /Users/Alexromo/Documents/WebDocs/website-builder/node_modules/bootstrap-webpack/package.json
80 verbose targetResolver reading package data from /Users/Alexromo/Documents/WebDocs/website-builder/node_modules/css-loader/package.json
81 verbose targetResolver reading package data from /Users/Alexromo/Documents/WebDocs/website-builder/node_modules/css-selector-tokenizer/package.json
82 verbose targetResolver reading package data from /Users/Alexromo/Documents/WebDocs/website-builder/node_modules/cssnano/package.json
83 verbose targetResolver reading package data from /Users/Alexromo/Documents/WebDocs/website-builder/node_modules/del/package.json
84 verbose targetResolver reading package data from /Users/Alexromo/Documents/WebDocs/website-builder/node_modules/exports-loader/package.json
85 verbose targetResolver reading package data from /Users/Alexromo/Documents/WebDocs/website-builder/node_modules/express/package.json
86 verbose targetResolver reading package data from /Users/Alexromo/Documents/WebDocs/website-builder/node_modules/extract-text-webpack-plugin/package.json
87 verbose targetResolver reading package data from /Users/Alexromo/Documents/WebDocs/website-builder/node_modules/file-loader/package.json
88 verbose targetResolver reading package data from /Users/Alexromo/Documents/WebDocs/website-builder/node_modules/gulp/package.json
89 verbose targetResolver reading package data from /Users/Alexromo/Documents/WebDocs/website-builder/node_modules/gulp-copy/package.json
90 verbose targetResolver reading package data from /Users/Alexromo/Documents/WebDocs/website-builder/node_modules/gulp-replace/package.json
91 verbose targetResolver reading package data from /Users/Alexromo/Documents/WebDocs/website-builder/node_modules/gulp-run-sequence/package.json
92 verbose targetResolver reading package data from /Users/Alexromo/Documents/WebDocs/website-builder/node_modules/html-webpack-plugin/package.json
93 verbose targetResolver reading package data from /Users/Alexromo/Documents/WebDocs/website-builder/node_modules/imports-loader/package.json
94 verbose targetResolver reading package data from /Users/Alexromo/Documents/WebDocs/website-builder/node_modules/jquery/package.json
95 verbose targetResolver reading package data from /Users/Alexromo/Documents/WebDocs/website-builder/node_modules/less/package.json
96 verbose targetResolver reading package data from /Users/Alexromo/Documents/WebDocs/website-builder/node_modules/less-loader/package.json
97 verbose targetResolver reading package data from /Users/Alexromo/Documents/WebDocs/website-builder/node_modules/loader-utils/package.json
98 verbose targetResolver reading package data from /Users/Alexromo/Documents/WebDocs/website-builder/node_modules/lodash/package.json
99 verbose targetResolver reading package data from /Users/Alexromo/Documents/WebDocs/website-builder/node_modules/lodash.camelcase/package.json
100 verbose targetResolver reading package data from /Users/Alexromo/Documents/WebDocs/website-builder/node_modules/node-sass/package.json
101 verbose targetResolver reading package data from /Users/Alexromo/Documents/WebDocs/website-builder/node_modules/object-assign/package.json
102 verbose targetResolver reading package data from /Users/Alexromo/Documents/WebDocs/website-builder/node_modules/postcss/package.json
103 verbose targetResolver reading package data from /Users/Alexromo/Documents/WebDocs/website-builder/node_modules/postcss-modules-extract-imports/package.json
104 verbose targetResolver reading package data from /Users/Alexromo/Documents/WebDocs/website-builder/node_modules/postcss-modules-local-by-default/package.json
105 verbose targetResolver reading package data from /Users/Alexromo/Documents/WebDocs/website-builder/node_modules/postcss-modules-scope/package.json
106 verbose targetResolver reading package data from /Users/Alexromo/Documents/WebDocs/website-builder/node_modules/postcss-modules-values/package.json
107 verbose targetResolver reading package data from /Users/Alexromo/Documents/WebDocs/website-builder/node_modules/react/package.json
108 verbose targetResolver reading package data from /Users/Alexromo/Documents/WebDocs/website-builder/node_modules/react-dom/package.json
109 verbose targetResolver reading package data from /Users/Alexromo/Documents/WebDocs/website-builder/node_modules/react-hot-loader/package.json
110 verbose targetResolver reading package data from /Users/Alexromo/Documents/WebDocs/website-builder/node_modules/react-redux/package.json
111 verbose targetResolver reading package data from /Users/Alexromo/Documents/WebDocs/website-builder/node_modules/redux/package.json
112 verbose targetResolver reading package data from /Users/Alexromo/Documents/WebDocs/website-builder/node_modules/redux-devtools/package.json
113 verbose targetResolver reading package data from /Users/Alexromo/Documents/WebDocs/website-builder/node_modules/redux-devtools-diff-monitor/package.json
114 verbose targetResolver reading package data from /Users/Alexromo/Documents/WebDocs/website-builder/node_modules/redux-thunk/package.json
115 verbose targetResolver reading package data from /Users/Alexromo/Documents/WebDocs/website-builder/node_modules/sass-loader/package.json
116 verbose targetResolver reading package data from /Users/Alexromo/Documents/WebDocs/website-builder/node_modules/sprity/package.json
117 verbose targetResolver reading package data from /Users/Alexromo/Documents/WebDocs/website-builder/node_modules/sprity-js/package.json
118 verbose targetResolver reading package data from /Users/Alexromo/Documents/WebDocs/website-builder/node_modules/style-loader/package.json
119 verbose targetResolver reading package data from /Users/Alexromo/Documents/WebDocs/website-builder/node_modules/url-loader/package.json
120 verbose targetResolver reading package data from /Users/Alexromo/Documents/WebDocs/website-builder/node_modules/webpack/package.json
121 verbose targetResolver reading package data from /Users/Alexromo/Documents/WebDocs/website-builder/node_modules/webpack-dev-middleware/package.json
122 verbose targetResolver reading package data from /Users/Alexromo/Documents/WebDocs/website-builder/node_modules/webpack-dev-server/package.json
123 verbose targetResolver reading package data from /Users/Alexromo/Documents/WebDocs/website-builder/node_modules/webpack-hot-middleware/package.json
124 verbose targetResolver reading package data from /Users/Alexromo/Documents/WebDocs/website-builder/node_modules/.bin/gulp/package.json
125 verbose targetResolver reading package data from /Users/Alexromo/Documents/WebDocs/website-builder/node_modules/.bin/lessc/package.json
126 verbose targetResolver reading package data from /Users/Alexromo/Documents/WebDocs/website-builder/node_modules/.bin/node-sass/package.json
127 verbose targetResolver reading package data from /Users/Alexromo/Documents/WebDocs/website-builder/node_modules/.bin/webpack/package.json
128 verbose targetResolver reading package data from /Users/Alexromo/Documents/WebDocs/website-builder/node_modules/.bin/webpack-dev-server/package.json
129 verbose already installed skipping lodash@^3.10.1 /Users/Alexromo/Documents/WebDocs/website-builder
130 verbose already installed skipping lodash.camelcase@^3.0.1 /Users/Alexromo/Documents/WebDocs/website-builder
131 verbose already installed skipping node-sass@^3.4.2 /Users/Alexromo/Documents/WebDocs/website-builder
132 verbose already installed skipping object-assign@^4.0.1 /Users/Alexromo/Documents/WebDocs/website-builder
133 verbose already installed skipping postcss@^5.0.12 /Users/Alexromo/Documents/WebDocs/website-builder
134 verbose already installed skipping postcss-modules-extract-imports@^1.0.0 /Users/Alexromo/Documents/WebDocs/website-builder
135 verbose already installed skipping postcss-modules-local-by-default@^1.0.0 /Users/Alexromo/Documents/WebDocs/website-builder
136 verbose already installed skipping postcss-modules-scope@^1.0.0 /Users/Alexromo/Documents/WebDocs/website-builder
137 verbose already installed skipping postcss-modules-values@^1.1.1 /Users/Alexromo/Documents/WebDocs/website-builder
138 verbose already installed skipping react@0.14.0-rc1 /Users/Alexromo/Documents/WebDocs/website-builder
139 verbose already installed skipping react-dom@0.14.0-rc1 /Users/Alexromo/Documents/WebDocs/website-builder
140 verbose already installed skipping react-redux@3.0.0 /Users/Alexromo/Documents/WebDocs/website-builder
141 verbose already installed skipping redux@3.0.0 /Users/Alexromo/Documents/WebDocs/website-builder
142 verbose already installed skipping redux-devtools@2.1.3 /Users/Alexromo/Documents/WebDocs/website-builder
143 verbose already installed skipping redux-thunk@1.0.0 /Users/Alexromo/Documents/WebDocs/website-builder
144 verbose already installed skipping sass-loader@^3.1.1 /Users/Alexromo/Documents/WebDocs/website-builder
145 verbose already installed skipping webpack-dev-middleware@^1.2.0 /Users/Alexromo/Documents/WebDocs/website-builder
146 verbose already installed skipping webpack-hot-middleware@^2.5.0 /Users/Alexromo/Documents/WebDocs/website-builder
147 verbose already installed skipping babel-core@5.8.25 /Users/Alexromo/Documents/WebDocs/website-builder
148 verbose already installed skipping babel-loader@5.3.2 /Users/Alexromo/Documents/WebDocs/website-builder
149 verbose already installed skipping babel-runtime@5.8.25 /Users/Alexromo/Documents/WebDocs/website-builder
150 verbose already installed skipping del@^2.1.0 /Users/Alexromo/Documents/WebDocs/website-builder
151 verbose already installed skipping gulp@^3.9.0 /Users/Alexromo/Documents/WebDocs/website-builder
152 verbose already installed skipping gulp-copy@0.0.2 /Users/Alexromo/Documents/WebDocs/website-builder
153 verbose already installed skipping gulp-replace@^0.5.4 /Users/Alexromo/Documents/WebDocs/website-builder
154 verbose already installed skipping gulp-run-sequence@^0.3.2 /Users/Alexromo/Documents/WebDocs/website-builder
155 verbose already installed skipping html-webpack-plugin@1.6.1 /Users/Alexromo/Documents/WebDocs/website-builder
156 verbose already installed skipping react-hot-loader@1.3.0 /Users/Alexromo/Documents/WebDocs/website-builder
157 verbose already installed skipping redux-devtools-diff-monitor@2.0.2 /Users/Alexromo/Documents/WebDocs/website-builder
158 verbose already installed skipping sprity@^1.0.8 /Users/Alexromo/Documents/WebDocs/website-builder
159 verbose already installed skipping sprity-js@^1.1.0 /Users/Alexromo/Documents/WebDocs/website-builder
160 verbose already installed skipping webpack@1.12.2 /Users/Alexromo/Documents/WebDocs/website-builder
161 verbose already installed skipping webpack-dev-server@^1.14.0 /Users/Alexromo/Documents/WebDocs/website-builder
162 verbose already installed skipping amdefine@^1.0.0 /Users/Alexromo/Documents/WebDocs/website-builder
163 verbose already installed skipping bootstrap-sass@^3.3.5 /Users/Alexromo/Documents/WebDocs/website-builder
164 verbose already installed skipping bootstrap-sass-loader@^1.0.9 /Users/Alexromo/Documents/WebDocs/website-builder
165 verbose already installed skipping bootstrap-webpack@0.0.5 /Users/Alexromo/Documents/WebDocs/website-builder
166 verbose already installed skipping css-selector-tokenizer@^0.5.4 /Users/Alexromo/Documents/WebDocs/website-builder
167 verbose already installed skipping cssnano@^3.3.2 /Users/Alexromo/Documents/WebDocs/website-builder
168 verbose already installed skipping express@^4.13.3 /Users/Alexromo/Documents/WebDocs/website-builder
169 verbose already installed skipping jquery@^2.1.4 /Users/Alexromo/Documents/WebDocs/website-builder
170 verbose already installed skipping less@^2.5.3 /Users/Alexromo/Documents/WebDocs/website-builder
171 verbose already installed skipping loader-utils@^0.2.11 /Users/Alexromo/Documents/WebDocs/website-builder
172 silly install resolved []
173 info build /Users/Alexromo/Documents/WebDocs/website-builder
174 info linkStuff interbrokers@1.0.0
175 silly linkStuff interbrokers@1.0.0 has /Users/Alexromo/Documents/WebDocs as its parent node_modules
176 verbose linkBins interbrokers@1.0.0
177 verbose linkMans interbrokers@1.0.0
178 verbose rebuildBundles interbrokers@1.0.0
179 verbose rebuildBundles [ '.bin',
179 verbose rebuildBundles   'amdefine',
179 verbose rebuildBundles   'babel-core',
179 verbose rebuildBundles   'babel-loader',
179 verbose rebuildBundles   'babel-runtime',
179 verbose rebuildBundles   'bootstrap',
179 verbose rebuildBundles   'bootstrap-sass',
179 verbose rebuildBundles   'bootstrap-sass-loader',
179 verbose rebuildBundles   'bootstrap-webpack',
179 verbose rebuildBundles   'css-loader',
179 verbose rebuildBundles   'css-selector-tokenizer',
179 verbose rebuildBundles   'cssnano',
179 verbose rebuildBundles   'del',
179 verbose rebuildBundles   'exports-loader',
179 verbose rebuildBundles   'express',
179 verbose rebuildBundles   'extract-text-webpack-plugin',
179 verbose rebuildBundles   'file-loader',
179 verbose rebuildBundles   'gulp',
179 verbose rebuildBundles   'gulp-copy',
179 verbose rebuildBundles   'gulp-replace',
179 verbose rebuildBundles   'gulp-run-sequence',
179 verbose rebuildBundles   'html-webpack-plugin',
179 verbose rebuildBundles   'imports-loader',
179 verbose rebuildBundles   'jquery',
179 verbose rebuildBundles   'less',
179 verbose rebuildBundles   'less-loader',
179 verbose rebuildBundles   'loader-utils',
179 verbose rebuildBundles   'lodash',
179 verbose rebuildBundles   'lodash.camelcase',
179 verbose rebuildBundles   'node-sass',
179 verbose rebuildBundles   'object-assign',
179 verbose rebuildBundles   'postcss',
179 verbose rebuildBundles   'postcss-modules-extract-imports',
179 verbose rebuildBundles   'postcss-modules-local-by-default',
179 verbose rebuildBundles   'postcss-modules-scope',
179 verbose rebuildBundles   'postcss-modules-values',
179 verbose rebuildBundles   'react',
179 verbose rebuildBundles   'react-dom',
179 verbose rebuildBundles   'react-hot-loader',
179 verbose rebuildBundles   'react-redux',
179 verbose rebuildBundles   'redux',
179 verbose rebuildBundles   'redux-devtools',
179 verbose rebuildBundles   'redux-devtools-diff-monitor',
179 verbose rebuildBundles   'redux-thunk',
179 verbose rebuildBundles   'sass-loader',
179 verbose rebuildBundles   'sprity',
179 verbose rebuildBundles   'sprity-js',
179 verbose rebuildBundles   'style-loader',
179 verbose rebuildBundles   'url-loader',
179 verbose rebuildBundles   'webpack',
179 verbose rebuildBundles   'webpack-dev-middleware',
179 verbose rebuildBundles   'webpack-dev-server',
179 verbose rebuildBundles   'webpack-hot-middleware' ]
180 verbose rebuild bundle /Users/Alexromo/Documents/WebDocs/website-builder/node_modules/bootstrap
181 info build /Users/Alexromo/Documents/WebDocs/website-builder/node_modules/bootstrap
182 info preinstall bootstrap@3.3.6
183 info linkStuff bootstrap@3.3.6
184 silly linkStuff bootstrap@3.3.6 has /Users/Alexromo/Documents/WebDocs/website-builder/node_modules as its parent node_modules
185 verbose linkBins bootstrap@3.3.6
186 verbose linkMans bootstrap@3.3.6
187 verbose rebuildBundles bootstrap@3.3.6
188 info install bootstrap@3.3.6
189 info postinstall bootstrap@3.3.6
190 verbose rebuild bundle /Users/Alexromo/Documents/WebDocs/website-builder/node_modules/css-loader
191 info build /Users/Alexromo/Documents/WebDocs/website-builder/node_modules/css-loader
192 info preinstall css-loader@0.23.0
193 info linkStuff css-loader@0.23.0
194 silly linkStuff css-loader@0.23.0 has /Users/Alexromo/Documents/WebDocs/website-builder/node_modules as its parent node_modules
195 verbose linkBins css-loader@0.23.0
196 verbose linkMans css-loader@0.23.0
197 verbose rebuildBundles css-loader@0.23.0
198 verbose rebuildBundles [ 'source-list-map' ]
199 info install css-loader@0.23.0
200 info postinstall css-loader@0.23.0
201 verbose rebuild bundle /Users/Alexromo/Documents/WebDocs/website-builder/node_modules/exports-loader
202 info build /Users/Alexromo/Documents/WebDocs/website-builder/node_modules/exports-loader
203 info preinstall exports-loader@0.6.2
204 info linkStuff exports-loader@0.6.2
205 silly linkStuff exports-loader@0.6.2 has /Users/Alexromo/Documents/WebDocs/website-builder/node_modules as its parent node_modules
206 verbose linkBins exports-loader@0.6.2
207 verbose linkMans exports-loader@0.6.2
208 verbose rebuildBundles exports-loader@0.6.2
209 verbose rebuildBundles [ 'source-map' ]
210 info install exports-loader@0.6.2
211 info postinstall exports-loader@0.6.2
212 verbose rebuild bundle /Users/Alexromo/Documents/WebDocs/website-builder/node_modules/extract-text-webpack-plugin
213 info build /Users/Alexromo/Documents/WebDocs/website-builder/node_modules/extract-text-webpack-plugin
214 info preinstall extract-text-webpack-plugin@0.9.1
215 info linkStuff extract-text-webpack-plugin@0.9.1
216 silly linkStuff extract-text-webpack-plugin@0.9.1 has /Users/Alexromo/Documents/WebDocs/website-builder/node_modules as its parent node_modules
217 verbose linkBins extract-text-webpack-plugin@0.9.1
218 verbose linkMans extract-text-webpack-plugin@0.9.1
219 verbose rebuildBundles extract-text-webpack-plugin@0.9.1
220 verbose rebuildBundles [ 'async' ]
221 info install extract-text-webpack-plugin@0.9.1
222 info postinstall extract-text-webpack-plugin@0.9.1
223 verbose rebuild bundle /Users/Alexromo/Documents/WebDocs/website-builder/node_modules/file-loader
224 info build /Users/Alexromo/Documents/WebDocs/website-builder/node_modules/file-loader
225 info preinstall file-loader@0.8.5
226 info linkStuff file-loader@0.8.5
227 silly linkStuff file-loader@0.8.5 has /Users/Alexromo/Documents/WebDocs/website-builder/node_modules as its parent node_modules
228 verbose linkBins file-loader@0.8.5
229 verbose linkMans file-loader@0.8.5
230 verbose rebuildBundles file-loader@0.8.5
231 info install file-loader@0.8.5
232 info postinstall file-loader@0.8.5
233 verbose rebuild bundle /Users/Alexromo/Documents/WebDocs/website-builder/node_modules/imports-loader
234 info build /Users/Alexromo/Documents/WebDocs/website-builder/node_modules/imports-loader
235 info preinstall imports-loader@0.6.5
236 info linkStuff imports-loader@0.6.5
237 silly linkStuff imports-loader@0.6.5 has /Users/Alexromo/Documents/WebDocs/website-builder/node_modules as its parent node_modules
238 verbose linkBins imports-loader@0.6.5
239 verbose linkMans imports-loader@0.6.5
240 verbose rebuildBundles imports-loader@0.6.5
241 verbose rebuildBundles [ 'source-map' ]
242 info install imports-loader@0.6.5
243 info postinstall imports-loader@0.6.5
244 verbose rebuild bundle /Users/Alexromo/Documents/WebDocs/website-builder/node_modules/less-loader
245 info build /Users/Alexromo/Documents/WebDocs/website-builder/node_modules/less-loader
246 info preinstall less-loader@2.2.2
247 info linkStuff less-loader@2.2.2
248 silly linkStuff less-loader@2.2.2 has /Users/Alexromo/Documents/WebDocs/website-builder/node_modules as its parent node_modules
249 verbose linkBins less-loader@2.2.2
250 verbose linkMans less-loader@2.2.2
251 verbose rebuildBundles less-loader@2.2.2
252 info install less-loader@2.2.2
253 info postinstall less-loader@2.2.2
254 verbose rebuild bundle /Users/Alexromo/Documents/WebDocs/website-builder/node_modules/style-loader
255 info build /Users/Alexromo/Documents/WebDocs/website-builder/node_modules/style-loader
256 info preinstall style-loader@0.13.0
257 info linkStuff style-loader@0.13.0
258 silly linkStuff style-loader@0.13.0 has /Users/Alexromo/Documents/WebDocs/website-builder/node_modules as its parent node_modules
259 verbose linkBins style-loader@0.13.0
260 verbose linkMans style-loader@0.13.0
261 verbose rebuildBundles style-loader@0.13.0
262 info install style-loader@0.13.0
263 info postinstall style-loader@0.13.0
264 verbose rebuild bundle /Users/Alexromo/Documents/WebDocs/website-builder/node_modules/url-loader
265 info build /Users/Alexromo/Documents/WebDocs/website-builder/node_modules/url-loader
266 info preinstall url-loader@0.5.7
267 info linkStuff url-loader@0.5.7
268 silly linkStuff url-loader@0.5.7 has /Users/Alexromo/Documents/WebDocs/website-builder/node_modules as its parent node_modules
269 verbose linkBins url-loader@0.5.7
270 verbose linkMans url-loader@0.5.7
271 verbose rebuildBundles url-loader@0.5.7
272 verbose rebuildBundles [ 'mime' ]
273 info install url-loader@0.5.7
274 info postinstall url-loader@0.5.7
275 info install interbrokers@1.0.0
276 info postinstall interbrokers@1.0.0
277 info prepublish interbrokers@1.0.0
278 verbose validateInstall loading /Users/Alexromo/Documents/WebDocs/website-builder/package.json for validation
279 verbose stack Error: The package webpack@1.12.2 does not satisfy its siblings' peerDependencies requirements!
279 verbose stack     at /usr/local/lib/node_modules/npm/lib/install.js:125:32
279 verbose stack     at /usr/local/lib/node_modules/npm/lib/install.js:268:7
279 verbose stack     at /usr/local/lib/node_modules/npm/node_modules/read-installed/read-installed.js:142:5
279 verbose stack     at /usr/local/lib/node_modules/npm/node_modules/read-installed/read-installed.js:263:14
279 verbose stack     at cb (/usr/local/lib/node_modules/npm/node_modules/slide/lib/async-map.js:47:24)
279 verbose stack     at /usr/local/lib/node_modules/npm/node_modules/read-installed/read-installed.js:263:14
279 verbose stack     at cb (/usr/local/lib/node_modules/npm/node_modules/slide/lib/async-map.js:47:24)
279 verbose stack     at /usr/local/lib/node_modules/npm/node_modules/read-installed/read-installed.js:263:14
279 verbose stack     at cb (/usr/local/lib/node_modules/npm/node_modules/slide/lib/async-map.js:47:24)
279 verbose stack     at /usr/local/lib/node_modules/npm/node_modules/read-installed/read-installed.js:263:14
280 verbose cwd /Users/Alexromo/Documents/WebDocs/website-builder
281 error Darwin 14.5.0
282 error argv "/usr/local/Cellar/node/4.1.2/bin/node" "/usr/local/bin/npm" "install"
283 error node v4.1.2
284 error npm  v2.14.4
285 error code EPEERINVALID
286 error peerinvalid The package webpack@1.12.2 does not satisfy its siblings' peerDependencies requirements!
286 error peerinvalid Peer sass-loader@3.1.2 wants webpack@^1.12.6
286 error peerinvalid Peer webpack-dev-middleware@1.4.0 wants webpack@>=1.0.0 <3
286 error peerinvalid Peer babel-loader@5.3.2 wants webpack@*
286 error peerinvalid Peer extract-text-webpack-plugin@0.9.1 wants webpack@^1.9.11
286 error peerinvalid Peer webpack-dev-server@1.14.0 wants webpack@>=1.3.0 <3
287 verbose exit [ 1, true ]
